时间：2019/8/9 9:23:30 位置： 类型：info  信息：  系统开启！
时间：2019/8/9 9:29:30 位置： 类型：info  信息： 系统开启！
时间：2019/8/9 9:30:30 位置： 类型：info  信息：SAIC1 PLC连接成功
时间：2019/8/9 9:31:46 位置： 类型：info  信息： 系统开启！
时间：2019/8/9 10:53:11 位置： 类型：info  信息：System Start！
时间：2019/8/9 10:53:34 位置： 类型：info  信息：System Start！
时间：2019/8/9 10:53:54 位置： 类型：info  信息：System Start！
时间：2019/8/9 10:54:42 位置： 类型：info  信息：System Start！
时间：2019/8/9 10:55:11 位置： 类型：info  信息：System Start！
时间：2019/8/9 10:56:09 位置： 类型：info  信息：System Start！
时间：2019/8/9 10:56:29 位置： 类型：info  信息：System Start！
时间：2019/8/9 10:57:24 位置： 类型：info  信息：System Start！
时间：2019/8/9 10:58:11 位置： 类型：info  信息：System Start！
时间：2019/8/9 10:58:50 位置： 类型：info  信息：System Start！
时间：2019/8/9 10:59:11 位置： 类型：info  信息：System Start！
时间：2019/8/9 10:59:25 位置： 类型：info  信息：System Start！
时间：2019/8/9 11:03:35 位置： 类型：info  信息：System Start！
时间：2019/8/9 11:03:49 位置： 类型：info  信息：System Start！
时间：2019/8/9 11:04:04 位置： 类型：info  信息：System Start！
时间：2019/8/9 11:04:26 位置： 类型：info  信息：System Start！
时间：2019/8/9 11:04:35 位置： 类型：info  信息：System Start！
时间：2019/8/9 11:04:48 位置： 类型：info  信息：System Start！
时间：2019/8/9 11:05:21 位置： 类型：info  信息：System Start！
时间：2019/8/9 11:05:53 位置： 类型：info  信息：System Start！
时间：2019/8/9 11:06:06 位置： 类型：info  信息：System Start！
时间：2019/8/9 11:07:50 位置： 类型：info  信息：System Start！
时间：2019/8/9 11:08:08 位置： 类型：info  信息：System Start！
时间：2019/8/9 11:08:31 位置： 类型：info  信息：System Start！
时间：2019/8/9 11:09:52 位置： 类型：info  信息：系统开启！
时间：2019/8/9 11:12:00 位置： 类型：info  信息：系统开启！
时间：2019/8/9 11:12:49 位置： 类型：info  信息：System Start！
时间：2019/8/9 11:13:29 位置： 类型：info  信息：System Start！
时间：2019/8/9 15:59:10 位置： 类型：info  信息：System Start！
时间：2019/8/9 15:59:11 位置： 类型：info  信息：SAIC1 PLC连接成功
时间：2019/8/9 16:06:36 位置：SAIC1OP0010 类型：info  信息：地址：SystemAlarm[6] , 收到值：8
时间：2019/8/9 16:06:49 位置：SAIC1OP0020 类型：info  信息：地址：SystemAlarm[4] , 收到值：88
时间：2019/8/9 16:06:56 位置：SAIC1OP0010 类型：info  信息：地址：SystemAlarm[8] , 收到值：88
时间：2019/8/9 16:06:56 位置：SAIC1OP0010 类型：info  信息：地址：SystemAlarm[8] , 收到值：88
时间：2019/8/9 16:06:56 位置：SAIC1OP0010 类型：info  信息：地址：SystemAlarm[8] , 收到值：88
时间：2019/8/9 16:07:43 位置： 类型：error  信息：SAIC1写心跳位错误:无法访问已释放的对象。
对象名:“MainForm”。
时间：2019/8/9 16:07:43 位置： 类型：info  信息：SAIC1 连接断开，正在尝试重连...
时间：2019/8/9 16:09:25 位置： 类型：info  信息：System Start！
时间：2019/8/9 16:09:25 位置： 类型：info  信息：SAIC1 PLC连接成功
时间：2019/8/9 16:09:25 位置：SAIC1OP0020 类型：info  信息：地址：SystemAlarm[4] , 收到值：88
时间：2019/8/9 16:09:25 位置：SAIC1OP0010 类型：info  信息：地址：SystemAlarm[6] , 收到值：8
时间：2019/8/9 16:09:25 位置：SAIC1OP0010 类型：info  信息：地址：SystemAlarm[8] , 收到值：88
时间：2019/8/9 16:09:25 位置：SAIC1OP0010 类型：info  信息：地址：SystemAlarm[8] , 收到值：88
时间：2019/8/9 16:09:25 位置：SAIC1OP0010 类型：info  信息：地址：SystemAlarm[8] , 收到值：88
时间：2019/8/9 16:43:53 位置： 类型：info  信息：System Start！
时间：2019/8/9 16:43:53 位置： 类型：info  信息：SAIC1 PLC连接成功
时间：2019/8/9 16:43:53 位置：SAIC1OP0010 类型：info  信息：地址：SystemAlarm[8] , 收到值：88
时间：2019/8/9 16:43:53 位置：SAIC1OP0020 类型：info  信息：地址：SystemAlarm[4] , 收到值：88
时间：2019/8/9 16:43:53 位置：SAIC1OP0010 类型：info  信息：地址：SystemAlarm[6] , 收到值：8
时间：2019/8/9 16:43:53 位置：SAIC1OP0010 类型：info  信息：地址：SystemAlarm[8] , 收到值：88
时间：2019/8/9 16:43:53 位置：SAIC1OP0010 类型：info  信息：地址：SystemAlarm[8] , 收到值：88
时间：2019/8/9 17:17:06 位置： 类型：info  信息：System Start！
时间：2019/8/9 17:18:05 位置： 类型：info  信息：System Start！
时间：2019/8/9 17:18:44 位置： 类型：info  信息：System Start！
时间：2019/8/9 17:19:41 位置： 类型：info  信息：System Start！
时间：2019/8/9 17:20:52 位置： 类型：info  信息：System Start！
时间：2019/8/9 17:21:46 位置： 类型：info  信息：System Start！
时间：2019/8/9 17:22:21 位置： 类型：info  信息：System Start！
时间：2019/8/9 17:23:41 位置： 类型：info  信息：System Start！
时间：2019/8/9 17:24:12 位置： 类型：info  信息：System Start！
时间：2019/8/9 17:24:35 位置： 类型：info  信息：System Start！
时间：2019/8/9 17:25:10 位置： 类型：info  信息：系统开启！
时间：2019/8/9 17:25:40 位置：SAIC1OP0010 类型：info  信息：地址：SystemAlarm[8] , 收到值：0
时间：2019/8/9 17:25:51 位置：SAIC1OP0010 类型：info  信息：地址：SystemAlarm[8] , 收到值：0
时间：2019/8/9 17:26:40 位置： 类型：info  信息：系统开启！
时间：2019/8/9 17:28:07 位置： 类型：info  信息：系统开启！
时间：2019/8/9 17:29:05 位置： 类型：info  信息：系统开启！
时间：2019/8/9 17:29:28 位置： 类型：info  信息：系统开启！
时间：2019/8/9 17:30:14 位置： 类型：info  信息：系统开启！
时间：2019/8/9 17:31:08 位置： 类型：info  信息：系统开启！
时间：2019/8/9 17:32:37 位置： 类型：info  信息：系统开启！
时间：2019/8/9 17:33:01 位置： 类型：info  信息：save config success！
时间：2019/8/9 17:33:07 位置：SAIC1OP0010 类型：info  信息：地址：SystemAlarm[8] , 收到值：0
时间：2019/8/9 17:33:17 位置：SAIC1OP0010 类型：info  信息：地址：SystemAlarm[8] , 收到值：0
时间：2019/8/9 17:33:27 位置：SAIC1OP0010 类型：info  信息：地址：SystemAlarm[6] , 收到值：0
时间：2019/8/9 17:34:53 位置： 类型：info  信息：System Start！
时间：2019/8/9 17:35:18 位置： 类型：info  信息：保存配置成功！
时间：2019/8/9 17:35:23 位置：SAIC1OP0010 类型：info  信息：地址：SystemAlarm[8] , 收到值：0
时间：2019/8/9 17:35:33 位置：SAIC1OP0010 类型：info  信息：地址：SystemAlarm[8] , 收到值：0
时间：2019/8/9 18:16:16 位置： 类型：info  信息：系统开启！
时间：2019/8/9 18:16:33 位置： 类型：info  信息：save config success！
时间：2019/8/9 18:16:47 位置：SAIC1OP0010 类型：info  信息：地址：SystemAlarm[8] , 收到值：0
时间：2019/8/9 18:17:28 位置： 类型：info  信息：System Start！
时间：2019/8/9 18:18:09 位置： 类型：info  信息：System Start！
时间：2019/8/9 18:19:33 位置： 类型：info  信息：System Start！
时间：2019/8/9 18:20:24 位置： 类型：info  信息：System Start！
时间：2019/8/9 18:20:46 位置： 类型：info  信息：System Start！
时间：2019/8/9 18:21:05 位置： 类型：info  信息：保存配置成功！
时间：2019/8/9 18:21:17 位置：SAIC1OP0010 类型：info  信息：地址：SystemAlarm[8] , 收到值：0
时间：2019/8/9 18:22:48 位置： 类型：info  信息：系统开启！
时间：2019/8/9 18:23:03 位置： 类型：info  信息：save config success！
时间：2019/8/9 18:23:27 位置： 类型：info  信息：System Start！
