时间：2019/7/31 9:35:17 位置： 类型：info  信息：  系统开启！
时间：2019/7/31 9:49:07 位置： 类型：info  信息： 系统开启！
时间：2019/7/31 9:50:31 位置： 类型：info  信息： 系统开启！
时间：2019/7/31 9:52:30 位置： 类型：info  信息： 系统开启！
时间：2019/7/31 10:05:17 位置： 类型：info  信息： 系统开启！
时间：2019/7/31 10:07:24 位置： 类型：info  信息： 系统开启！
时间：2019/7/31 10:28:33 位置： 类型：info  信息： 系统开启！
时间：2019/7/31 10:44:07 位置： 类型：info  信息： 系统开启！
时间：2019/7/31 10:47:14 位置： 类型：info  信息： 系统开启！
时间：2019/7/31 11:07:35 位置： 类型：info  信息： 系统开启！
时间：2019/7/31 11:11:47 位置： 类型：info  信息： 系统开启！
时间：2019/7/31 11:13:12 位置： 类型：info  信息： 系统开启！
时间：2019/7/31 11:13:54 位置： 类型：info  信息： 系统开启！
时间：2019/7/31 11:15:58 位置： 类型：info  信息： 系统开启！
时间：2019/7/31 11:24:22 位置： 类型：info  信息： 系统开启！
时间：2019/7/31 12:51:22 位置： 类型：info  信息： 系统开启！
时间：2019/7/31 12:59:58 位置： 类型：info  信息： 系统开启！
时间：2019/7/31 13:09:12 位置： 类型：info  信息： 系统开启！
时间：2019/7/31 13:10:20 位置： 类型：info  信息： 系统开启！
时间：2019/7/31 13:13:12 位置： 类型：info  信息： 系统开启！
时间：2019/7/31 13:14:15 位置： 类型：info  信息： 系统开启！
时间：2019/7/31 13:19:44 位置： 类型：info  信息： 系统开启！
时间：2019/7/31 13:26:25 位置： 类型：info  信息： 系统开启！
时间：2019/7/31 13:33:30 位置： 类型：info  信息： 系统开启！
时间：2019/7/31 13:41:11 位置： 类型：info  信息： 系统开启！
时间：2019/7/31 13:45:55 位置： 类型：info  信息： 系统开启！
时间：2019/7/31 13:47:32 位置： 类型：info  信息： 系统开启！
时间：2019/7/31 13:50:23 位置： 类型：info  信息： 系统开启！
时间：2019/7/31 14:06:33 位置： 类型：info  信息： 系统开启！
时间：2019/7/31 15:13:01 位置： 类型：info  信息： 系统开启！
时间：2019/7/31 15:17:39 位置： 类型：info  信息： 系统开启！
时间：2019/7/31 15:35:04 位置： 类型：info  信息： 系统开启！
时间：2019/7/31 15:37:00 位置： 类型：info  信息： 系统开启！
时间：2019/7/31 15:39:08 位置： 类型：info  信息： 系统开启！
时间：2019/7/31 15:41:56 位置： 类型：info  信息： 系统开启！
时间：2019/7/31 15:43:21 位置： 类型：info  信息： 系统开启！
时间：2019/7/31 15:44:28 位置： 类型：info  信息： 系统开启！
时间：2019/7/31 15:46:22 位置： 类型：info  信息： 系统开启！
时间：2019/7/31 15:46:53 位置： 类型：info  信息： 系统开启！
时间：2019/7/31 15:47:16 位置： 类型：info  信息： 系统开启！
时间：2019/7/31 15:47:48 位置： 类型：info  信息： 系统开启！
时间：2019/7/31 15:48:30 位置： 类型：info  信息： 系统开启！
时间：2019/7/31 15:50:41 位置： 类型：info  信息： 系统开启！
时间：2019/7/31 15:51:23 位置： 类型：info  信息： 系统开启！
时间：2019/7/31 15:53:01 位置： 类型：info  信息： 系统开启！
时间：2019/7/31 15:55:27 位置： 类型：info  信息： 系统开启！
时间：2019/7/31 15:55:27 位置： 类型：error  信息： PLC初始化错误，文件“D:\昂华\泰国项目\程序\AMS_Server\AMS_Server\bin\Debug\Log\2019-07-31.log”正由另一进程使用，因此该进程无法访问此文件。
时间：2019/7/31 15:56:25 位置： 类型：info  信息： 系统开启！
时间：2019/7/31 15:56:29 位置： 类型：error  信息： PLC初始化错误，
时间：2019/7/31 15:57:04 位置： 类型：info  信息： 系统开启！
时间：2019/7/31 15:57:04 位置： 类型：info  信息：NISSAN_1 PLC连接成功
时间：2019/7/31 15:57:04 位置： 类型：info  信息：NISSAN_2 PLC连接成功
时间：2019/7/31 16:06:15 位置： 类型：info  信息： 系统开启！
时间：2019/7/31 16:06:16 位置： 类型：info  信息：NISSAN_2 PLC连接成功
时间：2019/7/31 16:06:16 位置： 类型：info  信息：NISSAN_1 PLC连接成功
时间：2019/7/31 16:06:24 位置： 类型：error  信息：NISSAN_1写心跳位错误:无法访问已释放的对象。
对象名:“MainForm”。
时间：2019/7/31 16:06:24 位置： 类型：info  信息：NISSAN_1 连接断开，正在尝试重连...
时间：2019/7/31 16:06:24 位置： 类型：error  信息：NISSAN_2写心跳位错误:无法访问已释放的对象。
对象名:“MainForm”。
时间：2019/7/31 16:06:24 位置： 类型：info  信息：NISSAN_2 连接断开，正在尝试重连...
时间：2019/7/31 16:06:57 位置： 类型：info  信息： 系统开启！
时间：2019/7/31 16:06:57 位置： 类型：info  信息：NISSAN_2 PLC连接成功
时间：2019/7/31 16:06:57 位置： 类型：info  信息：NISSAN_1 PLC连接成功
时间：2019/7/31 16:07:02 位置： 类型：info  信息： 系统开启！
时间：2019/7/31 16:07:03 位置： 类型：info  信息：NISSAN_2 PLC连接成功
时间：2019/7/31 16:07:03 位置： 类型：error  信息：NISSAN_1启动失败，10秒后尝试再次链接！文件“D:\昂华\泰国项目\程序\AMS_Server\AMS_Server\bin\Debug\Log\2019-07-31.log”正由另一进程使用，因此该进程无法访问此文件。
时间：2019/7/31 16:07:11 位置： 类型：error  信息：控制字轮询错误：正在中止线程。
时间：2019/7/31 16:07:11 位置： 类型：error  信息：NISSAN_1启动失败，10秒后尝试再次链接！未将对象引用设置到对象的实例。
时间：2019/7/31 16:07:19 位置： 类型：error  信息：NISSAN_1启动失败，10秒后尝试再次链接！未将对象引用设置到对象的实例。
时间：2019/7/31 16:07:25 位置： 类型：info  信息： 系统开启！
时间：2019/7/31 16:07:25 位置： 类型：info  信息：NISSAN_1 PLC连接成功
时间：2019/7/31 16:07:25 位置： 类型：error  信息：NISSAN_2启动失败，10秒后尝试再次链接！文件“D:\昂华\泰国项目\程序\AMS_Server\AMS_Server\bin\Debug\Log\2019-07-31.log”正由另一进程使用，因此该进程无法访问此文件。
时间：2019/7/31 16:07:29 位置： 类型：error  信息：NISSAN_2写心跳位错误:无法访问已释放的对象。
对象名:“MainForm”。
时间：2019/7/31 16:07:29 位置： 类型：info  信息：NISSAN_2 连接断开，正在尝试重连...
时间：2019/7/31 16:08:10 位置： 类型：info  信息： 系统开启！
时间：2019/7/31 16:08:10 位置： 类型：info  信息：NISSAN_2 PLC连接成功
时间：2019/7/31 16:08:10 位置： 类型：error  信息：NISSAN_1启动失败，10秒后尝试再次链接！文件“D:\昂华\泰国项目\程序\AMS_Server\AMS_Server\bin\Debug\Log\2019-07-31.log”正由另一进程使用，因此该进程无法访问此文件。
时间：2019/7/31 16:08:18 位置： 类型：error  信息：NISSAN_2写心跳位错误:无法访问已释放的对象。
对象名:“MainForm”。
时间：2019/7/31 16:08:18 位置： 类型：info  信息：NISSAN_2 连接断开，正在尝试重连...
时间：2019/7/31 16:15:32 位置： 类型：info  信息： 系统开启！
时间：2019/7/31 16:15:32 位置： 类型：info  信息：NISSAN_1 PLC连接成功
时间：2019/7/31 16:15:32 位置： 类型：info  信息：NISSAN_2 PLC连接成功
时间：2019/7/31 16:15:32 位置： 类型：error  信息：NISSAN_2写心跳位错误:线程间操作无效: 从不是创建控件“tabStrip1”的线程访问它。
时间：2019/7/31 16:15:32 位置： 类型：info  信息：NISSAN_2 连接断开，正在尝试重连...
时间：2019/7/31 16:15:32 位置： 类型：error  信息：NISSAN_1写心跳位错误:未将对象引用设置到对象的实例。
时间：2019/7/31 16:15:32 位置： 类型：info  信息：NISSAN_1 连接断开，正在尝试重连...
时间：2019/7/31 16:16:29 位置： 类型：info  信息： 系统开启！
时间：2019/7/31 16:16:30 位置： 类型：info  信息：NISSAN_2 PLC连接成功
时间：2019/7/31 16:16:30 位置： 类型：info  信息：NISSAN_1 PLC连接成功
时间：2019/7/31 16:16:30 位置： 类型：error  信息：NISSAN_2写心跳位错误:线程间操作无效: 从不是创建控件“tabStrip1”的线程访问它。
时间：2019/7/31 16:16:30 位置： 类型：info  信息：NISSAN_2 连接断开，正在尝试重连...
时间：2019/7/31 16:16:30 位置： 类型：error  信息：NISSAN_1写心跳位错误:未将对象引用设置到对象的实例。
时间：2019/7/31 16:16:30 位置： 类型：info  信息：NISSAN_1 连接断开，正在尝试重连...
时间：2019/7/31 16:38:38 位置： 类型：info  信息： 系统开启！
时间：2019/7/31 16:38:38 位置： 类型：info  信息：NISSAN_2 PLC连接成功
时间：2019/7/31 16:38:38 位置： 类型：info  信息：NISSAN_1 PLC连接成功
时间：2019/7/31 16:38:38 位置： 类型：error  信息：NISSAN_2写心跳位错误:线程间操作无效: 从不是创建控件“tabStrip1”的线程访问它。
时间：2019/7/31 16:38:38 位置： 类型：info  信息：NISSAN_2 连接断开，正在尝试重连...
时间：2019/7/31 16:38:38 位置： 类型：error  信息：NISSAN_1写心跳位错误:未将对象引用设置到对象的实例。
时间：2019/7/31 16:38:38 位置： 类型：info  信息：NISSAN_1 连接断开，正在尝试重连...
时间：2019/7/31 16:39:22 位置： 类型：info  信息： 系统开启！
时间：2019/7/31 16:39:23 位置： 类型：info  信息：NISSAN_1 PLC连接成功
时间：2019/7/31 16:39:23 位置： 类型：info  信息：NISSAN_2 PLC连接成功
时间：2019/7/31 16:57:46 位置： 类型：info  信息： 系统开启！
时间：2019/7/31 16:57:46 位置： 类型：info  信息：NISSAN_1 PLC连接成功
时间：2019/7/31 16:57:46 位置： 类型：info  信息：NISSAN_2 PLC连接成功
