2019/7/16 10:21:56  info :开始连接plc。。。。。
2019/7/16 10:24:36  info : 系统开启！
2019/7/16 10:39:28  info : 系统开启！
2019/7/16 10:39:43  info : system start！
2019/7/16 11:27:12  info : 系统开启！
2019/7/16 11:27:51  info : 系统开启！
2019/7/16 11:28:14  info : 系统开启！
2019/7/16 11:28:53  info : 系统开启！
2019/7/16 11:29:24  info : 系统开启！
2019/7/16 11:30:02  info : 系统开启！
2019/7/16 11:30:45  info : 系统开启！
2019/7/16 11:31:07  info : 系统开启！
2019/7/16 11:31:15  info :页面加载
2019/7/16 11:57:20  info : 系统开启！
2019/7/16 11:59:12  info : 系统开启！
2019/7/16 12:00:33  info : 系统开启！
2019/7/16 12:02:44  info : 系统开启！
2019/7/16 12:04:20  info : 系统开启！
2019/7/16 12:07:28  info : 系统开启！
2019/7/16 12:09:13  info : 系统开启！
2019/7/16 12:09:49  info : 系统开启！
2019/7/16 12:10:44  info : 系统开启！
2019/7/16 12:11:19  info : 系统开启！
2019/7/16 12:12:08  info : 系统开启！
2019/7/16 12:43:11  info : 系统开启！
2019/7/16 12:45:30  info : 系统开启！
2019/7/16 12:46:25  info : 系统开启！
2019/7/16 12:46:38  info : 系统开启！
2019/7/16 12:50:14  info : 系统开启！
2019/7/16 12:50:52  info : 系统开启！
2019/7/16 12:56:02  info : 系统开启！
2019/7/16 12:56:57  info : 系统开启！
2019/7/16 13:00:52  info : 系统开启！
2019/7/16 13:01:40  info : 系统开启！
2019/7/16 13:02:14  info : 系统开启！
2019/7/16 13:03:06  info : 系统开启！
2019/7/16 13:05:52  info : 系统开启！
2019/7/16 13:08:12  info : 系统开启！
2019/7/16 13:11:03  info : 系统开启！
2019/7/16 13:12:03  info : 系统开启！
2019/7/16 13:12:31  info : 系统开启！
2019/7/16 13:25:13  info : 系统开启！
2019/7/16 14:09:26  info : 系统开启！
2019/7/16 14:09:32  info :备份数据库成功：
2019/7/16 14:13:30  info : 系统开启！
2019/7/16 14:39:54  info : 系统开启！
2019/7/16 14:43:49  info : 系统开启！
2019/7/16 14:44:09  error :备份数据库出现异常：检索 COM 类工厂中 CLSID 为 {10021F00-E260-11CF-AE68-00AA004A34D5} 的组件失败，原因是出现以下错误: 80040154 没有注册类 (异常来自 HRESULT:0x80040154 (REGDB_E_CLASSNOTREG))。
2019/7/16 15:04:05  error :备份数据库出现异常：检索 COM 类工厂中 CLSID 为 {10021F00-E260-11CF-AE68-00AA004A34D5} 的组件失败，原因是出现以下错误: 80040154 没有注册类 (异常来自 HRESULT:0x80040154 (REGDB_E_CLASSNOTREG))。
2019/7/16 15:15:14  error :备份数据库出现异常：检索 COM 类工厂中 CLSID 为 {10021F00-E260-11CF-AE68-00AA004A34D5} 的组件失败，原因是出现以下错误: 80040154 没有注册类 (异常来自 HRESULT:0x80040154 (REGDB_E_CLASSNOTREG))。
2019/7/16 15:20:56  info : 系统开启！
2019/7/16 15:21:19  info : 系统开启！
2019/7/16 15:21:22  error :备份数据库出现异常：检索 COM 类工厂中 CLSID 为 {10021F00-E260-11CF-AE68-00AA004A34D5} 的组件失败，原因是出现以下错误: 80040154 没有注册类 (异常来自 HRESULT:0x80040154 (REGDB_E_CLASSNOTREG))。
2019/7/16 15:30:11  info : 系统开启！
2019/7/16 15:30:15  error :备份数据库出现异常：检索 COM 类工厂中 CLSID 为 {10021F00-E260-11CF-AE68-00AA004A34D5} 的组件失败，原因是出现以下错误: 80040154 没有注册类 (异常来自 HRESULT:0x80040154 (REGDB_E_CLASSNOTREG))。
2019/7/16 15:49:25  info : 系统开启！
2019/7/16 15:49:39  error :备份数据库出现异常：检索 COM 类工厂中 CLSID 为 {10021F00-E260-11CF-AE68-00AA004A34D5} 的组件失败，原因是出现以下错误: 80040154 没有注册类 (异常来自 HRESULT:0x80040154 (REGDB_E_CLASSNOTREG))。
2019/7/16 16:07:13  info : 系统开启！
2019/7/16 16:07:42  error :备份数据库出现异常：检索 COM 类工厂中 CLSID 为 {10021F00-E260-11CF-AE68-00AA004A34D5} 的组件失败，原因是出现以下错误: 80040154 没有注册类 (异常来自 HRESULT:0x80040154 (REGDB_E_CLASSNOTREG))。
2019/7/16 16:16:12  info : 系统开启！
2019/7/16 16:16:23  error :备份数据库出现异常：检索 COM 类工厂中 CLSID 为 {10021F00-E260-11CF-AE68-00AA004A34D5} 的组件失败，原因是出现以下错误: 80040154 没有注册类 (异常来自 HRESULT:0x80040154 (REGDB_E_CLASSNOTREG))。
2019/7/16 16:21:50  error :备份数据库出现异常：检索 COM 类工厂中 CLSID 为 {10021F00-E260-11CF-AE68-00AA004A34D5} 的组件失败，原因是出现以下错误: 80040154 没有注册类 (异常来自 HRESULT:0x80040154 (REGDB_E_CLASSNOTREG))。
2019/7/16 16:27:04  info : 系统开启！
2019/7/16 16:28:39  info : 系统开启！
2019/7/16 16:28:44  info :备份数据库成功：
2019/7/16 16:36:11  info : 系统开启！
2019/7/16 16:37:33  info : 系统开启！
2019/7/16 16:47:11  info : 系统开启！
2019/7/16 16:48:28  info : 系统开启！
2019/7/16 16:49:27  info : 系统开启！
